2014-06-13 19:33:12 Error: [MissingControllerException] Controller class WebDonaController could not be found.
Exception Attributes: array (
  'class' => 'WebDonaController',
  'plugin' => NULL,
)
Request URL: /webdona/WebDona/
Stack Trace:
#0 C:\wamp\www\webdona\webroot\index.php(109): Dispatcher->dispatch(Object(CakeRequest), Object(CakeResponse))
#1 {main}
2014-06-13 20:09:53 Error: [MissingControllerException] Controller class CssController could not be found.
Exception Attributes: array (
  'class' => 'CssController',
  'plugin' => NULL,
)
Request URL: /webdona/css/usermgmt/css/umstyle.css
Stack Trace:
#0 C:\wamp\www\webdona\webroot\index.php(109): Dispatcher->dispatch(Object(CakeRequest), Object(CakeResponse))
#1 {main}
2014-06-13 20:10:47 Error: [MissingControllerException] Controller class CssController could not be found.
Exception Attributes: array (
  'class' => 'CssController',
  'plugin' => NULL,
)
Request URL: /webdona/css/usermgmt/css/umstyle.css
Stack Trace:
#0 C:\wamp\www\webdona\webroot\index.php(109): Dispatcher->dispatch(Object(CakeRequest), Object(CakeResponse))
#1 {main}
2014-06-13 20:11:19 Error: [MissingControllerException] Controller class CssController could not be found.
Exception Attributes: array (
  'class' => 'CssController',
  'plugin' => NULL,
)
Request URL: /webdona/css/usermgmt/css/umstyle.css
Stack Trace:
#0 C:\wamp\www\webdona\webroot\index.php(109): Dispatcher->dispatch(Object(CakeRequest), Object(CakeResponse))
#1 {main}
2014-06-13 20:11:57 Error: [MissingControllerException] Controller class CssController could not be found.
Exception Attributes: array (
  'class' => 'CssController',
  'plugin' => NULL,
)
Request URL: /webdona/css/usermgmt/css/umstyle.css
Stack Trace:
#0 C:\wamp\www\webdona\webroot\index.php(109): Dispatcher->dispatch(Object(CakeRequest), Object(CakeResponse))
#1 {main}
2014-06-13 20:12:16 Error: [MissingControllerException] Controller class CssController could not be found.
Exception Attributes: array (
  'class' => 'CssController',
  'plugin' => NULL,
)
Request URL: /webdona/css/usermgmt/css/umstyle.css
Stack Trace:
#0 C:\wamp\www\webdona\webroot\index.php(109): Dispatcher->dispatch(Object(CakeRequest), Object(CakeResponse))
#1 {main}
2014-06-13 20:14:03 Error: [MissingControllerException] Controller class CssController could not be found.
Exception Attributes: array (
  'class' => 'CssController',
  'plugin' => NULL,
)
Request URL: /webdona/webdona/css/usermgmt/css/umstyle.css
Stack Trace:
#0 C:\wamp\www\webdona\webdona\webroot\index.php(109): Dispatcher->dispatch(Object(CakeRequest), Object(CakeResponse))
#1 {main}
2014-06-13 20:14:49 Error: [MissingControllerException] Controller class CssController could not be found.
Exception Attributes: array (
  'class' => 'CssController',
  'plugin' => NULL,
)
Request URL: /webdona/web/css/usermgmt/css/umstyle.css
Stack Trace:
#0 C:\wamp\www\webdona\web\webroot\index.php(109): Dispatcher->dispatch(Object(CakeRequest), Object(CakeResponse))
#1 {main}
